<?xml version="1.0" encoding="UTF-8"?>
<testng-results ignored="0" total="1" passed="1" failed="0" skipped="0">
  <reporter-output>
  </reporter-output>
  <suite started-at="2026-06-18T13:44:59 IST" name="Default suite" finished-at="2026-06-18T13:45:27 IST" duration-ms="28035">
    <groups>
    </groups>
    <test started-at="2026-06-18T13:44:59 IST" name="Default test" finished-at="2026-06-18T13:45:27 IST" duration-ms="28035">
      <class name="com.tenforce.tests.TenforceTest">
        <test-method is-config="true" signature="setup()[pri:0, instance:com.tenforce.tests.TenforceTest@3e694b3f]" started-at="2026-06-18T13:44:59 IST" name="setup" finished-at="2026-06-18T13:45:18 IST" duration-ms="18706" status="PASS">
          <reporter-output>
          </reporter-output>
        </test-method> <!-- setup -->
        <test-method signature="verifyLifeOfTwoInternsArticle()[pri:0, instance:com.tenforce.tests.TenforceTest@3e694b3f]" started-at="2026-06-18T13:45:18 IST" name="verifyLifeOfTwoInternsArticle" finished-at="2026-06-18T13:45:27 IST" duration-ms="9068" status="PASS">
          <reporter-output>
          </reporter-output>
        </test-method> <!-- verifyLifeOfTwoInternsArticle -->
        <test-method is-config="true" signature="tearDown()[pri:0, instance:com.tenforce.tests.TenforceTest@3e694b3f]" started-at="2026-06-18T13:45:27 IST" name="tearDown" finished-at="2026-06-18T13:45:27 IST" duration-ms="223" status="PASS">
          <reporter-output>
          </reporter-output>
        </test-method> <!-- tearDown -->
      </class> <!-- com.tenforce.tests.TenforceTest -->
    </test> <!-- Default test -->
  </suite> <!-- Default suite -->
</testng-results>
